   1              		.syntax unified
   2              		.cpu cortex-m4
   3              		.eabi_attribute 27, 1
   4              		.fpu fpv4-sp-d16
   5              		.eabi_attribute 20, 1
   6              		.eabi_attribute 21, 1
   7              		.eabi_attribute 23, 3
   8              		.eabi_attribute 24, 1
   9              		.eabi_attribute 25, 1
  10              		.eabi_attribute 26, 1
  11              		.eabi_attribute 30, 4
  12              		.eabi_attribute 34, 1
  13              		.eabi_attribute 18, 4
  14              		.thumb
  15              		.file	"common_flight_plan.c"
  16              		.text
  17              	.Ltext0:
  18              		.cfi_sections	.debug_frame
  19              		.section	.text.nav_init_block,"ax",%progbits
  20              		.align	1
  21              		.global	nav_init_block
  22              		.thumb
  23              		.thumb_func
  25              	nav_init_block:
  26              	.LFB41:
  27              		.file 1 "subsystems/navigation/common_flight_plan.c"
   1:subsystems/navigation/common_flight_plan.c **** /*
   2:subsystems/navigation/common_flight_plan.c ****  * Copyright (C) 2007-2009  ENAC, Pascal Brisset, Antoine Drouin
   3:subsystems/navigation/common_flight_plan.c ****  *
   4:subsystems/navigation/common_flight_plan.c ****  * This file is part of paparazzi.
   5:subsystems/navigation/common_flight_plan.c ****  *
   6:subsystems/navigation/common_flight_plan.c ****  * paparazzi is free software; you can redistribute it and/or modify
   7:subsystems/navigation/common_flight_plan.c ****  * it under the terms of the GNU General Public License as published by
   8:subsystems/navigation/common_flight_plan.c ****  * the Free Software Foundation; either version 2, or (at your option)
   9:subsystems/navigation/common_flight_plan.c ****  * any later version.
  10:subsystems/navigation/common_flight_plan.c ****  *
  11:subsystems/navigation/common_flight_plan.c ****  * paparazzi is distributed in the hope that it will be useful,
  12:subsystems/navigation/common_flight_plan.c ****  * but WITHOUT ANY WARRANTY; without even the implied warranty of
  13:subsystems/navigation/common_flight_plan.c ****  * MERCHANTABILITY or FITNESS FOR A PARTICULAR PURPOSE.  See the
  14:subsystems/navigation/common_flight_plan.c ****  * GNU General Public License for more details.
  15:subsystems/navigation/common_flight_plan.c ****  *
  16:subsystems/navigation/common_flight_plan.c ****  * You should have received a copy of the GNU General Public License
  17:subsystems/navigation/common_flight_plan.c ****  * along with paparazzi; see the file COPYING.  If not, write to
  18:subsystems/navigation/common_flight_plan.c ****  * the Free Software Foundation, 59 Temple Place - Suite 330,
  19:subsystems/navigation/common_flight_plan.c ****  * Boston, MA 02111-1307, USA.
  20:subsystems/navigation/common_flight_plan.c ****  */
  21:subsystems/navigation/common_flight_plan.c **** 
  22:subsystems/navigation/common_flight_plan.c **** /**
  23:subsystems/navigation/common_flight_plan.c ****  * @file subsystems/navigation/common_flight_plan.c
  24:subsystems/navigation/common_flight_plan.c ****  * Common flight_plan functions shared between fixedwing and rotorcraft.
  25:subsystems/navigation/common_flight_plan.c ****  */
  26:subsystems/navigation/common_flight_plan.c **** 
  27:subsystems/navigation/common_flight_plan.c **** #include "subsystems/navigation/common_flight_plan.h"
  28:subsystems/navigation/common_flight_plan.c **** 
  29:subsystems/navigation/common_flight_plan.c **** #include "generated/flight_plan.h"
  30:subsystems/navigation/common_flight_plan.c **** 
  31:subsystems/navigation/common_flight_plan.c **** 
  32:subsystems/navigation/common_flight_plan.c **** /** In s */
  33:subsystems/navigation/common_flight_plan.c **** uint16_t stage_time, block_time;
  34:subsystems/navigation/common_flight_plan.c **** 
  35:subsystems/navigation/common_flight_plan.c **** uint8_t nav_stage, nav_block;
  36:subsystems/navigation/common_flight_plan.c **** 
  37:subsystems/navigation/common_flight_plan.c **** /** To save the current block/stage to enable return */
  38:subsystems/navigation/common_flight_plan.c **** uint8_t last_block, last_stage;
  39:subsystems/navigation/common_flight_plan.c **** 
  40:subsystems/navigation/common_flight_plan.c **** 
  41:subsystems/navigation/common_flight_plan.c **** void nav_init_block(void)
  42:subsystems/navigation/common_flight_plan.c **** {
  28              		.loc 1 42 0
  29              		.cfi_startproc
  30              		@ args = 0, pretend = 0, frame = 0
  31              		@ frame_needed = 0, uses_anonymous_args = 0
  32              		@ link register save eliminated.
  43:subsystems/navigation/common_flight_plan.c ****   if (nav_block >= NB_BLOCK) {
  33              		.loc 1 43 0
  34 0000 064B     		ldr	r3, .L3
  35 0002 1A78     		ldrb	r2, [r3]	@ zero_extendqisi2
  36 0004 0F2A     		cmp	r2, #15
  44:subsystems/navigation/common_flight_plan.c ****     nav_block = NB_BLOCK - 1;
  37              		.loc 1 44 0
  38 0006 84BF     		itt	hi
  39 0008 0F22     		movhi	r2, #15
  40 000a 1A70     		strbhi	r2, [r3]
  45:subsystems/navigation/common_flight_plan.c ****   }
  46:subsystems/navigation/common_flight_plan.c ****   nav_stage = 0;
  41              		.loc 1 46 0
  42 000c 044A     		ldr	r2, .L3+4
  43 000e 0023     		movs	r3, #0
  44 0010 1370     		strb	r3, [r2]
  47:subsystems/navigation/common_flight_plan.c ****   block_time = 0;
  45              		.loc 1 47 0
  46 0012 044A     		ldr	r2, .L3+8
  47 0014 1380     		strh	r3, [r2]	@ movhi
  48:subsystems/navigation/common_flight_plan.c ****   InitStage();
  48              		.loc 1 48 0
  49 0016 FFF7FEBF 		b	nav_init_stage
  50              	.LVL0:
  51              	.L4:
  52 001a 00BF     		.align	2
  53              	.L3:
  54 001c 00000000 		.word	.LANCHOR0
  55 0020 00000000 		.word	.LANCHOR1
  56 0024 00000000 		.word	.LANCHOR2
  57              		.cfi_endproc
  58              	.LFE41:
  60              		.section	.text.nav_goto_block,"ax",%progbits
  61              		.align	1
  62              		.global	nav_goto_block
  63              		.thumb
  64              		.thumb_func
  66              	nav_goto_block:
  67              	.LFB42:
  49:subsystems/navigation/common_flight_plan.c **** }
  50:subsystems/navigation/common_flight_plan.c **** 
  51:subsystems/navigation/common_flight_plan.c **** void nav_goto_block(uint8_t b)
  52:subsystems/navigation/common_flight_plan.c **** {
  68              		.loc 1 52 0
  69              		.cfi_startproc
  70              		@ args = 0, pretend = 0, frame = 0
  71              		@ frame_needed = 0, uses_anonymous_args = 0
  72              		@ link register save eliminated.
  73              	.LVL1:
  53:subsystems/navigation/common_flight_plan.c ****   if (b != nav_block) { /* To avoid a loop in a the current block */
  74              		.loc 1 53 0
  75 0000 064B     		ldr	r3, .L7
  76 0002 1A78     		ldrb	r2, [r3]	@ zero_extendqisi2
  54:subsystems/navigation/common_flight_plan.c ****     last_block = nav_block;
  55:subsystems/navigation/common_flight_plan.c ****     last_stage = nav_stage;
  56:subsystems/navigation/common_flight_plan.c ****   }
  57:subsystems/navigation/common_flight_plan.c ****   GotoBlock(b);
  77              		.loc 1 57 0
  78 0004 1870     		strb	r0, [r3]
  53:subsystems/navigation/common_flight_plan.c ****   if (b != nav_block) { /* To avoid a loop in a the current block */
  79              		.loc 1 53 0
  80 0006 9042     		cmp	r0, r2
  54:subsystems/navigation/common_flight_plan.c ****     last_block = nav_block;
  81              		.loc 1 54 0
  82 0008 1FBF     		itttt	ne
  83 000a 0549     		ldrne	r1, .L7+4
  84 000c 0A70     		strbne	r2, [r1]
  55:subsystems/navigation/common_flight_plan.c ****   }
  85              		.loc 1 55 0
  86 000e 054A     		ldrne	r2, .L7+8
  87 0010 1178     		ldrbne	r1, [r2]	@ zero_extendqisi2
  88 0012 1CBF     		itt	ne
  89 0014 044A     		ldrne	r2, .L7+12
  90 0016 1170     		strbne	r1, [r2]
  91              		.loc 1 57 0
  92 0018 FFF7FEBF 		b	nav_init_block
  93              	.LVL2:
  94              	.L8:
  95              		.align	2
  96              	.L7:
  97 001c 00000000 		.word	.LANCHOR0
  98 0020 00000000 		.word	.LANCHOR3
  99 0024 00000000 		.word	.LANCHOR1
 100 0028 00000000 		.word	.LANCHOR4
 101              		.cfi_endproc
 102              	.LFE42:
 104              		.global	last_stage
 105              		.global	last_block
 106              		.global	nav_block
 107              		.global	nav_stage
 108              		.global	block_time
 109              		.global	stage_time
 110              		.section	.bss.stage_time,"aw",%nobits
 111              		.align	1
 114              	stage_time:
 115 0000 0000     		.space	2
 116              		.section	.bss.last_block,"aw",%nobits
 117              		.set	.LANCHOR3,. + 0
 120              	last_block:
 121 0000 00       		.space	1
 122              		.section	.bss.block_time,"aw",%nobits
 123              		.align	1
 124              		.set	.LANCHOR2,. + 0
 127              	block_time:
 128 0000 0000     		.space	2
 129              		.section	.bss.nav_block,"aw",%nobits
 130              		.set	.LANCHOR0,. + 0
 133              	nav_block:
 134 0000 00       		.space	1
 135              		.section	.bss.last_stage,"aw",%nobits
 136              		.set	.LANCHOR4,. + 0
 139              	last_stage:
 140 0000 00       		.space	1
 141              		.section	.bss.nav_stage,"aw",%nobits
 142              		.set	.LANCHOR1,. + 0
 145              	nav_stage:
 146 0000 00       		.space	1
 147              		.text
 148              	.Letext0:
 149              		.file 2 "/usr/arm-none-eabi/include/machine/_default_types.h"
 150              		.file 3 "/usr/arm-none-eabi/include/sys/_stdint.h"
 151              		.file 4 "./subsystems/navigation/common_flight_plan.h"
DEFINED SYMBOLS
                            *ABS*:00000000 common_flight_plan.c
     /tmp/ccZD3wMs.s:20     .text.nav_init_block:00000000 $t
     /tmp/ccZD3wMs.s:25     .text.nav_init_block:00000000 nav_init_block
     /tmp/ccZD3wMs.s:54     .text.nav_init_block:0000001c $d
     /tmp/ccZD3wMs.s:61     .text.nav_goto_block:00000000 $t
     /tmp/ccZD3wMs.s:66     .text.nav_goto_block:00000000 nav_goto_block
     /tmp/ccZD3wMs.s:97     .text.nav_goto_block:0000001c $d
     /tmp/ccZD3wMs.s:139    .bss.last_stage:00000000 last_stage
     /tmp/ccZD3wMs.s:120    .bss.last_block:00000000 last_block
     /tmp/ccZD3wMs.s:133    .bss.nav_block:00000000 nav_block
     /tmp/ccZD3wMs.s:145    .bss.nav_stage:00000000 nav_stage
     /tmp/ccZD3wMs.s:127    .bss.block_time:00000000 block_time
     /tmp/ccZD3wMs.s:114    .bss.stage_time:00000000 stage_time
     /tmp/ccZD3wMs.s:111    .bss.stage_time:00000000 $d
     /tmp/ccZD3wMs.s:121    .bss.last_block:00000000 $d
     /tmp/ccZD3wMs.s:123    .bss.block_time:00000000 $d
     /tmp/ccZD3wMs.s:134    .bss.nav_block:00000000 $d
     /tmp/ccZD3wMs.s:140    .bss.last_stage:00000000 $d
     /tmp/ccZD3wMs.s:146    .bss.nav_stage:00000000 $d
                     .debug_frame:00000010 $d
                           .group:00000000 wm4.0.7f506cdee5614e5fae524d20989ad8c8
                           .group:00000000 wm4.newlib.h.8.2702bca278809460f0af6fba1d84eb68
                           .group:00000000 wm4.features.h.22.2e382148a0560adabf236cddd4e880f4
                           .group:00000000 wm4.config.h.220.a09b0b0de3c25be3f39d71990e617bff
                           .group:00000000 wm4._intsup.h.10.b2832a532eae49c14d45880be6d4ca65
                           .group:00000000 wm4._default_types.h.6.35ee9e747940367bf2a634907d1c2382
                           .group:00000000 wm4._stdint.h.10.f76354baea1c7088202064e6f3d4f5e3
                           .group:00000000 wm4.stdint.h.23.373a9d32a9e4c2e88fd347156532d281
                           .group:00000000 wm4.stddef.h.263.49e44f5ee9cdd8820580fc4aa239e32a
                           .group:00000000 wm4.inttypes.h.23.a096771aacee9aba4b33c2d04aacc9b1
                           .group:00000000 wm4.stdbool.h.29.1c9ee6859ce8145f7838a4f2549ccec2
                           .group:00000000 wm4._ansi.h.13.1b5575dc7921a4c0cff7dbaa2f33e670
                           .group:00000000 wm4.stddef.h.39.2b75ea897b59bf67f50e970d678806e4
                           .group:00000000 wm4.lock.h.2.9bc98482741e5e2a9450b12934a684ea
                           .group:00000000 wm4._types.h.54.d3d34a3b7f3cc230cd159baf022b4b08
                           .group:00000000 wm4.stddef.h.158.61317cdbfb4026324507d123a50b0fd6
                           .group:00000000 wm4.reent.h.17.8bd9e4098e0428508c282cad794fae43
                           .group:00000000 wm4.math.h.35.ad242c9287d2217c7d2035216e5d04ca
                           .group:00000000 wm4.message_pragmas.h.2.a703592919ab94db061a475289156c21
                           .group:00000000 wm4.std.h.37.c94f17957e155d4dda789b7ad0549a32
                           .group:00000000 wm4.common_flight_plan.h.44.646a1ce27253f6593f90b59f8dd25a6d
                           .group:00000000 wm4.modules.h.5.3647ee45f49511088e2f33d88288be64
                           .group:00000000 wm4.modules.h.23.3d04ad9f740a156fcd476d18714df592
                           .group:00000000 wm4.datalink.h.28.0d234a7c203533b2ec538be3e18eddf4
                           .group:00000000 wm4.transport.h.27.9215bbc09b6a8d08d228c20740408d47
                           .group:00000000 wm4.dl_protocol.h.8.ff49f2162ca39aa3b0519a0581b3d19d
                           .group:00000000 wm4.datalink.h.46.36a5e0f36fb7d0784f1e7af767537c84
                           .group:00000000 wm4.flight_plan.h.10.82b243c7414d8bf1f60915facc215da5

UNDEFINED SYMBOLS
nav_init_stage
