   1              		.syntax unified
   2              		.cpu cortex-m4
   3              		.eabi_attribute 27, 1
   4              		.fpu fpv4-sp-d16
   5              		.eabi_attribute 20, 1
   6              		.eabi_attribute 21, 1
   7              		.eabi_attribute 23, 3
   8              		.eabi_attribute 24, 1
   9              		.eabi_attribute 25, 1
  10              		.eabi_attribute 26, 1
  11              		.eabi_attribute 30, 4
  12              		.eabi_attribute 34, 1
  13              		.eabi_attribute 18, 4
  14              		.thumb
  15              		.file	"radio_control.c"
  16              		.text
  17              	.Ltext0:
  18              		.cfi_sections	.debug_frame
  19              		.section	.text.radio_control_init,"ax",%progbits
  20              		.align	1
  21              		.global	radio_control_init
  22              		.thumb
  23              		.thumb_func
  25              	radio_control_init:
  26              	.LFB6:
  27              		.file 1 "subsystems/radio_control.c"
   1:subsystems/radio_control.c **** /*
   2:subsystems/radio_control.c ****  * Copyright (C) 2006-2014 The Paparazzi Team
   3:subsystems/radio_control.c ****  *
   4:subsystems/radio_control.c ****  * This file is part of paparazzi.
   5:subsystems/radio_control.c ****  *
   6:subsystems/radio_control.c ****  * paparazzi is free software; you can redistribute it and/or modify
   7:subsystems/radio_control.c ****  * it under the terms of the GNU General Public License as published by
   8:subsystems/radio_control.c ****  * the Free Software Foundation; either version 2, or (at your option)
   9:subsystems/radio_control.c ****  * any later version.
  10:subsystems/radio_control.c ****  *
  11:subsystems/radio_control.c ****  * paparazzi is distributed in the hope that it will be useful,
  12:subsystems/radio_control.c ****  * but WITHOUT ANY WARRANTY; without even the implied warranty of
  13:subsystems/radio_control.c ****  * MERCHANTABILITY or FITNESS FOR A PARTICULAR PURPOSE.  See the
  14:subsystems/radio_control.c ****  * GNU General Public License for more details.
  15:subsystems/radio_control.c ****  *
  16:subsystems/radio_control.c ****  * You should have received a copy of the GNU General Public License
  17:subsystems/radio_control.c ****  * along with paparazzi; see the file COPYING.  If not, see
  18:subsystems/radio_control.c ****  * <http://www.gnu.org/licenses/>.
  19:subsystems/radio_control.c ****  */
  20:subsystems/radio_control.c **** 
  21:subsystems/radio_control.c **** /**
  22:subsystems/radio_control.c ****  * @file subsystems/radio_control.c
  23:subsystems/radio_control.c ****  *
  24:subsystems/radio_control.c ****  * Implementation independant radio control handing.
  25:subsystems/radio_control.c ****  *
  26:subsystems/radio_control.c ****  */
  27:subsystems/radio_control.c **** 
  28:subsystems/radio_control.c **** #include "subsystems/radio_control.h"
  29:subsystems/radio_control.c **** 
  30:subsystems/radio_control.c **** struct RadioControl radio_control;
  31:subsystems/radio_control.c **** 
  32:subsystems/radio_control.c **** void radio_control_init(void)
  33:subsystems/radio_control.c **** {
  28              		.loc 1 33 0
  29              		.cfi_startproc
  30              		@ args = 0, pretend = 0, frame = 0
  31              		@ frame_needed = 0, uses_anonymous_args = 0
  32              		@ link register save eliminated.
  33              	.LVL0:
  34 0000 084B     		ldr	r3, .L5
  35 0002 03F11000 		add	r0, r3, #16
  36              	.LVL1:
  37              	.L2:
  34:subsystems/radio_control.c ****   uint8_t i;
  35:subsystems/radio_control.c ****   for (i = 0; i < RADIO_CONTROL_NB_CHANNEL; i++) {
  36:subsystems/radio_control.c ****     radio_control.values[i] = 0;
  38              		.loc 1 36 0 discriminator 3
  39 0006 0022     		movs	r2, #0
  40 0008 23F8022F 		strh	r2, [r3, #2]!	@ movhi
  35:subsystems/radio_control.c ****     radio_control.values[i] = 0;
  41              		.loc 1 35 0 discriminator 3
  42 000c 8342     		cmp	r3, r0
  43 000e FAD1     		bne	.L2
  37:subsystems/radio_control.c ****   }
  38:subsystems/radio_control.c ****   radio_control.status = RC_REALLY_LOST;
  44              		.loc 1 38 0
  45 0010 054B     		ldr	r3, .L5+4
  46 0012 0220     		movs	r0, #2
  47 0014 1870     		strb	r0, [r3]
  39:subsystems/radio_control.c ****   radio_control.time_since_last_frame = RC_REALLY_LOST_TIME;
  48              		.loc 1 39 0
  49 0016 3C20     		movs	r0, #60
  50 0018 5870     		strb	r0, [r3, #1]
  40:subsystems/radio_control.c ****   radio_control.radio_ok_cpt = 0;
  51              		.loc 1 40 0
  52 001a 9A70     		strb	r2, [r3, #2]
  41:subsystems/radio_control.c ****   radio_control.frame_rate = 0;
  53              		.loc 1 41 0
  54 001c DA70     		strb	r2, [r3, #3]
  42:subsystems/radio_control.c ****   radio_control.frame_cpt = 0;
  55              		.loc 1 42 0
  56 001e 1A71     		strb	r2, [r3, #4]
  43:subsystems/radio_control.c ****   radio_control_impl_init();
  57              		.loc 1 43 0
  58 0020 FFF7FEBF 		b	radio_control_impl_init
  59              	.LVL2:
  60              	.L6:
  61              		.align	2
  62              	.L5:
  63 0024 04000000 		.word	.LANCHOR0+4
  64 0028 00000000 		.word	.LANCHOR0
  65              		.cfi_endproc
  66              	.LFE6:
  68              		.section	.text.radio_control_periodic_task,"ax",%progbits
  69              		.align	1
  70              		.global	radio_control_periodic_task
  71              		.thumb
  72              		.thumb_func
  74              	radio_control_periodic_task:
  75              	.LFB7:
  44:subsystems/radio_control.c **** }
  45:subsystems/radio_control.c **** 
  46:subsystems/radio_control.c **** void radio_control_periodic_task(void)
  47:subsystems/radio_control.c **** {
  76              		.loc 1 47 0
  77              		.cfi_startproc
  78              		@ args = 0, pretend = 0, frame = 0
  79              		@ frame_needed = 0, uses_anonymous_args = 0
  80              		@ link register save eliminated.
  48:subsystems/radio_control.c ****   static uint8_t _1Hz;
  49:subsystems/radio_control.c ****   _1Hz++;
  81              		.loc 1 49 0
  82 0000 1349     		ldr	r1, .L14
  83 0002 144B     		ldr	r3, .L14+4
  84 0004 0A78     		ldrb	r2, [r1]	@ zero_extendqisi2
  85 0006 0132     		adds	r2, r2, #1
  86 0008 D2B2     		uxtb	r2, r2
  50:subsystems/radio_control.c **** 
  51:subsystems/radio_control.c ****   if (_1Hz >= 60) {
  87              		.loc 1 51 0
  88 000a 3B2A     		cmp	r2, #59
  52:subsystems/radio_control.c ****     _1Hz = 0;
  89              		.loc 1 52 0
  90 000c 85BF     		ittet	hi
  91 000e 0022     		movhi	r2, #0
  92 0010 0A70     		strbhi	r2, [r1]
  49:subsystems/radio_control.c **** 
  93              		.loc 1 49 0
  94 0012 0A70     		strbls	r2, [r1]
  53:subsystems/radio_control.c ****     radio_control.frame_rate = radio_control.frame_cpt;
  95              		.loc 1 53 0
  96 0014 1979     		ldrbhi	r1, [r3, #4]	@ zero_extendqisi2
  54:subsystems/radio_control.c ****     radio_control.frame_cpt = 0;
  97              		.loc 1 54 0
  98 0016 88BF     		it	hi
  99 0018 1A71     		strbhi	r2, [r3, #4]
  55:subsystems/radio_control.c ****   }
  56:subsystems/radio_control.c **** 
  57:subsystems/radio_control.c ****   if (radio_control.time_since_last_frame >= RC_REALLY_LOST_TIME) {
 100              		.loc 1 57 0
 101 001a 5A78     		ldrb	r2, [r3, #1]	@ zero_extendqisi2
  53:subsystems/radio_control.c ****     radio_control.frame_cpt = 0;
 102              		.loc 1 53 0
 103 001c 88BF     		it	hi
 104 001e D970     		strbhi	r1, [r3, #3]
 105              		.loc 1 57 0
 106 0020 3B2A     		cmp	r2, #59
 107 0022 0C49     		ldr	r1, .L14+4
 108 0024 02D9     		bls	.L10
  58:subsystems/radio_control.c ****     radio_control.status = RC_REALLY_LOST;
 109              		.loc 1 58 0
 110 0026 0222     		movs	r2, #2
 111 0028 0A70     		strb	r2, [r1]
 112 002a 09E0     		b	.L11
 113              	.L10:
  59:subsystems/radio_control.c ****   } else {
  60:subsystems/radio_control.c ****     if (radio_control.time_since_last_frame >= RC_LOST_TIME) {
 114              		.loc 1 60 0
 115 002c 1D2A     		cmp	r2, #29
  61:subsystems/radio_control.c ****       radio_control.status = RC_LOST;
 116              		.loc 1 61 0
 117 002e 84BF     		itt	hi
 118 0030 0120     		movhi	r0, #1
 119 0032 0870     		strbhi	r0, [r1]
  62:subsystems/radio_control.c ****       radio_control.radio_ok_cpt = RC_OK_CPT;
  63:subsystems/radio_control.c ****     }
  64:subsystems/radio_control.c ****     radio_control.time_since_last_frame++;
 120              		.loc 1 64 0
 121 0034 02F10102 		add	r2, r2, #1
  62:subsystems/radio_control.c ****       radio_control.radio_ok_cpt = RC_OK_CPT;
 122              		.loc 1 62 0
 123 0038 84BF     		itt	hi
 124 003a 0F20     		movhi	r0, #15
 125 003c 8870     		strbhi	r0, [r1, #2]
 126              		.loc 1 64 0
 127 003e 5A70     		strb	r2, [r3, #1]
 128              	.L11:
  65:subsystems/radio_control.c ****   }
  66:subsystems/radio_control.c **** 
  67:subsystems/radio_control.c **** #if defined RADIO_CONTROL_LED
  68:subsystems/radio_control.c ****   if (radio_control.status == RC_OK) {
 129              		.loc 1 68 0
 130 0040 1B78     		ldrb	r3, [r3]	@ zero_extendqisi2
  69:subsystems/radio_control.c ****     LED_ON(RADIO_CONTROL_LED);
 131              		.loc 1 69 0
 132 0042 0548     		ldr	r0, .L14+8
 133 0044 0821     		movs	r1, #8
  68:subsystems/radio_control.c ****     LED_ON(RADIO_CONTROL_LED);
 134              		.loc 1 68 0
 135 0046 0BB9     		cbnz	r3, .L13
 136              		.loc 1 69 0
 137 0048 FFF7FEBF 		b	gpio_clear
 138              	.LVL3:
 139              	.L13:
  70:subsystems/radio_control.c ****   } else {
  71:subsystems/radio_control.c ****     LED_OFF(RADIO_CONTROL_LED);
 140              		.loc 1 71 0
 141 004c FFF7FEBF 		b	gpio_set
 142              	.LVL4:
 143              	.L15:
 144              		.align	2
 145              	.L14:
 146 0050 00000000 		.word	.LANCHOR1
 147 0054 00000000 		.word	.LANCHOR0
 148 0058 00080240 		.word	1073874944
 149              		.cfi_endproc
 150              	.LFE7:
 152              		.global	radio_control
 153              		.section	.bss._1Hz.5261,"aw",%nobits
 154              		.set	.LANCHOR1,. + 0
 157              	_1Hz.5261:
 158 0000 00       		.space	1
 159              		.section	.bss.radio_control,"aw",%nobits
 160              		.align	1
 161              		.set	.LANCHOR0,. + 0
 164              	radio_control:
 165 0000 00000000 		.space	22
 165      00000000 
 165      00000000 
 165      00000000 
 165      00000000 
 166              		.text
 167              	.Letext0:
 168              		.file 2 "/usr/arm-none-eabi/include/machine/_default_types.h"
 169              		.file 3 "/usr/arm-none-eabi/include/sys/_stdint.h"
 170              		.file 4 "./paparazzi.h"
 171              		.file 5 "./subsystems/radio_control.h"
 172              		.file 6 "../ext/libopencm3/include/libopencm3/stm32/f4/rcc.h"
 173              		.file 7 "../ext/libopencm3/include/libopencm3/stm32/common/gpio_common_all.h"
DEFINED SYMBOLS
                            *ABS*:00000000 radio_control.c
     /tmp/cckEpuud.s:20     .text.radio_control_init:00000000 $t
     /tmp/cckEpuud.s:25     .text.radio_control_init:00000000 radio_control_init
     /tmp/cckEpuud.s:63     .text.radio_control_init:00000024 $d
     /tmp/cckEpuud.s:69     .text.radio_control_periodic_task:00000000 $t
     /tmp/cckEpuud.s:74     .text.radio_control_periodic_task:00000000 radio_control_periodic_task
     /tmp/cckEpuud.s:146    .text.radio_control_periodic_task:00000050 $d
     /tmp/cckEpuud.s:164    .bss.radio_control:00000000 radio_control
     /tmp/cckEpuud.s:157    .bss._1Hz.5261:00000000 _1Hz.5261
     /tmp/cckEpuud.s:158    .bss._1Hz.5261:00000000 $d
     /tmp/cckEpuud.s:160    .bss.radio_control:00000000 $d
                     .debug_frame:00000010 $d
                           .group:00000000 wm4.0.7f506cdee5614e5fae524d20989ad8c8
                           .group:00000000 wm4.newlib.h.8.2702bca278809460f0af6fba1d84eb68
                           .group:00000000 wm4.features.h.22.2e382148a0560adabf236cddd4e880f4
                           .group:00000000 wm4.config.h.220.a09b0b0de3c25be3f39d71990e617bff
                           .group:00000000 wm4._intsup.h.10.b2832a532eae49c14d45880be6d4ca65
                           .group:00000000 wm4._default_types.h.6.35ee9e747940367bf2a634907d1c2382
                           .group:00000000 wm4._stdint.h.10.f76354baea1c7088202064e6f3d4f5e3
                           .group:00000000 wm4.stdint.h.23.373a9d32a9e4c2e88fd347156532d281
                           .group:00000000 wm4.stddef.h.263.49e44f5ee9cdd8820580fc4aa239e32a
                           .group:00000000 wm4.inttypes.h.23.a096771aacee9aba4b33c2d04aacc9b1
                           .group:00000000 wm4.stdbool.h.29.1c9ee6859ce8145f7838a4f2549ccec2
                           .group:00000000 wm4._ansi.h.13.1b5575dc7921a4c0cff7dbaa2f33e670
                           .group:00000000 wm4.stddef.h.39.2b75ea897b59bf67f50e970d678806e4
                           .group:00000000 wm4.lock.h.2.9bc98482741e5e2a9450b12934a684ea
                           .group:00000000 wm4._types.h.54.d3d34a3b7f3cc230cd159baf022b4b08
                           .group:00000000 wm4.stddef.h.158.61317cdbfb4026324507d123a50b0fd6
                           .group:00000000 wm4.reent.h.17.8bd9e4098e0428508c282cad794fae43
                           .group:00000000 wm4.math.h.35.ad242c9287d2217c7d2035216e5d04ca
                           .group:00000000 wm4.message_pragmas.h.2.a703592919ab94db061a475289156c21
                           .group:00000000 wm4.std.h.37.c94f17957e155d4dda789b7ad0549a32
                           .group:00000000 wm4.common.h.21.22efaac882611267214d0a36f6f15e74
                           .group:00000000 wm4.memorymap.h.21.0c01d18fc5814f65c6ceb1822d4030fa
                           .group:00000000 wm4.memorymap.h.28.85f6f5de65b1d4294c70f79052a0b8c0
                           .group:00000000 wm4.gpio_common_all.h.37.fedbbcb9179f773c905aa3c3e4b7dbdd
                           .group:00000000 wm4.gpio_common_f234.h.48.ee30692f386eaf6801df27cae93943b1
                           .group:00000000 wm4.gpio_common_f24.h.48.4e4be5e3ebe26aee10d604e2d0fecde8
                           .group:00000000 wm4.rcc.h.46.c4bbaa886b7ca1bd1829424ae12e70af
                           .group:00000000 wm4.apogee_1.0.h.2.34ab7bb688056eecb54e2e3ffff48ca6
                           .group:00000000 wm4.led_hw.h.40.8014fb3594847a9d275099fc6ed94641
                           .group:00000000 wm4.led.h.99.0116146560b22524df8538874a4f60bf
                           .group:00000000 wm4.airframe.h.5.55ffe79377b235d0a97162ed16ec170d
                           .group:00000000 wm4.actuators_pwm_arch.h.27.5a737f85d71223e6481c4ba4068c062a
                           .group:00000000 wm4.airframe.h.14.814d9a421a57ec2d434c7b6efc262c4b
                           .group:00000000 wm4.paparazzi.h.2.eeb1c9dc8e5acded3c1d3014b2b23af3
                           .group:00000000 wm4.ppm_arch.h.30.0c8951ed5389d834f3146640146f52ff
                           .group:00000000 wm4.radio.h.5.bef73564d5978192f7cd5fea2ca51500
                           .group:00000000 wm4.ppm.h.47.0149fce522ef0e315e524566a6409a2a
                           .group:00000000 wm4.radio_control.h.42.d43f9142844e08da852d6ed343ba2de3

UNDEFINED SYMBOLS
radio_control_impl_init
gpio_clear
gpio_set
