   1              		.syntax unified
   2              		.cpu cortex-m4
   3              		.eabi_attribute 27, 1
   4              		.fpu fpv4-sp-d16
   5              		.eabi_attribute 20, 1
   6              		.eabi_attribute 21, 1
   7              		.eabi_attribute 23, 3
   8              		.eabi_attribute 24, 1
   9              		.eabi_attribute 25, 1
  10              		.eabi_attribute 26, 1
  11              		.eabi_attribute 30, 4
  12              		.eabi_attribute 34, 1
  13              		.eabi_attribute 18, 4
  14              		.thumb
  15              		.file	"sys_time.c"
  16              		.text
  17              	.Ltext0:
  18              		.cfi_sections	.debug_frame
  19              		.global	__aeabi_f2d
  20              		.global	__aeabi_dadd
  21              		.global	__aeabi_d2uiz
  22              		.section	.text.sys_time_register_timer,"ax",%progbits
  23              		.align	1
  24              		.global	sys_time_register_timer
  25              		.thumb
  26              		.thumb_func
  28              	sys_time_register_timer:
  29              	.LFB23:
  30              		.file 1 "mcu_periph/sys_time.c"
   1:mcu_periph/sys_time.c **** /*
   2:mcu_periph/sys_time.c ****  *
   3:mcu_periph/sys_time.c ****  * Copyright (C) 2009-2011 The Paparazzi Team
   4:mcu_periph/sys_time.c ****  *
   5:mcu_periph/sys_time.c ****  * This file is part of paparazzi.
   6:mcu_periph/sys_time.c ****  *
   7:mcu_periph/sys_time.c ****  * paparazzi is free software; you can redistribute it and/or modify
   8:mcu_periph/sys_time.c ****  * it under the terms of the GNU General Public License as published by
   9:mcu_periph/sys_time.c ****  * the Free Software Foundation; either version 2, or (at your option)
  10:mcu_periph/sys_time.c ****  * any later version.
  11:mcu_periph/sys_time.c ****  *
  12:mcu_periph/sys_time.c ****  * paparazzi is distributed in the hope that it will be useful,
  13:mcu_periph/sys_time.c ****  * but WITHOUT ANY WARRANTY; without even the implied warranty of
  14:mcu_periph/sys_time.c ****  * MERCHANTABILITY or FITNESS FOR A PARTICULAR PURPOSE.  See the
  15:mcu_periph/sys_time.c ****  * GNU General Public License for more details.
  16:mcu_periph/sys_time.c ****  *
  17:mcu_periph/sys_time.c ****  * You should have received a copy of the GNU General Public License
  18:mcu_periph/sys_time.c ****  * along with paparazzi; see the file COPYING.  If not, write to
  19:mcu_periph/sys_time.c ****  * the Free Software Foundation, 59 Temple Place - Suite 330,
  20:mcu_periph/sys_time.c ****  * Boston, MA 02111-1307, USA.
  21:mcu_periph/sys_time.c ****  *
  22:mcu_periph/sys_time.c ****  */
  23:mcu_periph/sys_time.c **** 
  24:mcu_periph/sys_time.c **** /**
  25:mcu_periph/sys_time.c ****  * @file mcu_periph/sys_time.c
  26:mcu_periph/sys_time.c ****  * @brief Architecture independent timing functions.
  27:mcu_periph/sys_time.c ****  *
  28:mcu_periph/sys_time.c ****  */
  29:mcu_periph/sys_time.c **** 
  30:mcu_periph/sys_time.c **** #include "mcu_periph/sys_time.h"
  31:mcu_periph/sys_time.c **** #include "mcu.h"
  32:mcu_periph/sys_time.c **** 
  33:mcu_periph/sys_time.c **** PRINT_CONFIG_VAR(SYS_TIME_FREQUENCY)
  34:mcu_periph/sys_time.c **** 
  35:mcu_periph/sys_time.c **** struct sys_time sys_time;
  36:mcu_periph/sys_time.c **** 
  37:mcu_periph/sys_time.c **** int sys_time_register_timer(float duration, sys_time_cb cb)
  38:mcu_periph/sys_time.c **** {
  31              		.loc 1 38 0
  32              		.cfi_startproc
  33              		@ args = 0, pretend = 0, frame = 0
  34              		@ frame_needed = 0, uses_anonymous_args = 0
  35              	.LVL0:
  39:mcu_periph/sys_time.c **** 
  40:mcu_periph/sys_time.c ****   uint32_t start_time = sys_time.nb_tick;
  36              		.loc 1 40 0
  37 0000 164B     		ldr	r3, .L7
  38:mcu_periph/sys_time.c **** 
  38              		.loc 1 38 0
  39 0002 2DE9F041 		push	{r4, r5, r6, r7, r8, lr}
  40              		.cfi_def_cfa_offset 24
  41              		.cfi_offset 4, -24
  42              		.cfi_offset 5, -20
  43              		.cfi_offset 6, -16
  44              		.cfi_offset 7, -12
  45              		.cfi_offset 8, -8
  46              		.cfi_offset 14, -4
  38:mcu_periph/sys_time.c **** 
  47              		.loc 1 38 0
  48 0006 07EE100A 		fmsr	s14, r0
  49              		.loc 1 40 0
  50 000a 9E68     		ldr	r6, [r3, #8]
  51              	.LVL1:
  52              	.LBB7:
  41:mcu_periph/sys_time.c ****   for (int i = 0; i < SYS_TIME_NB_TIMER; i++) {
  53              		.loc 1 41 0
  54 000c 0024     		movs	r4, #0
  55              	.LVL2:
  56              	.L4:
  57 000e 1425     		movs	r5, #20
  58 0010 05FB0435 		mla	r5, r5, r4, r3
  42:mcu_periph/sys_time.c ****     if (!sys_time.timer[i].in_use) {
  59              		.loc 1 42 0
  60 0014 2A7B     		ldrb	r2, [r5, #12]	@ zero_extendqisi2
  61 0016 D2B9     		cbnz	r2, .L2
  62              	.LBB8:
  63              	.LBB9:
  64              		.file 2 "./mcu_periph/sys_time.h"
   1:./mcu_periph/sys_time.h **** /*
   2:./mcu_periph/sys_time.h ****  *
   3:./mcu_periph/sys_time.h ****  * Copyright (C) 2009-2011 The Paparazzi Team
   4:./mcu_periph/sys_time.h ****  *
   5:./mcu_periph/sys_time.h ****  * This file is part of paparazzi.
   6:./mcu_periph/sys_time.h ****  *
   7:./mcu_periph/sys_time.h ****  * paparazzi is free software; you can redistribute it and/or modify
   8:./mcu_periph/sys_time.h ****  * it under the terms of the GNU General Public License as published by
   9:./mcu_periph/sys_time.h ****  * the Free Software Foundation; either version 2, or (at your option)
  10:./mcu_periph/sys_time.h ****  * any later version.
  11:./mcu_periph/sys_time.h ****  *
  12:./mcu_periph/sys_time.h ****  * paparazzi is distributed in the hope that it will be useful,
  13:./mcu_periph/sys_time.h ****  * but WITHOUT ANY WARRANTY; without even the implied warranty of
  14:./mcu_periph/sys_time.h ****  * MERCHANTABILITY or FITNESS FOR A PARTICULAR PURPOSE.  See the
  15:./mcu_periph/sys_time.h ****  * GNU General Public License for more details.
  16:./mcu_periph/sys_time.h ****  *
  17:./mcu_periph/sys_time.h ****  * You should have received a copy of the GNU General Public License
  18:./mcu_periph/sys_time.h ****  * along with paparazzi; see the file COPYING.  If not, write to
  19:./mcu_periph/sys_time.h ****  * the Free Software Foundation, 59 Temple Place - Suite 330,
  20:./mcu_periph/sys_time.h ****  * Boston, MA 02111-1307, USA.
  21:./mcu_periph/sys_time.h ****  *
  22:./mcu_periph/sys_time.h ****  */
  23:./mcu_periph/sys_time.h **** 
  24:./mcu_periph/sys_time.h **** /**
  25:./mcu_periph/sys_time.h ****  * @file mcu_periph/sys_time.h
  26:./mcu_periph/sys_time.h ****  * @brief Architecture independent timing functions.
  27:./mcu_periph/sys_time.h ****  *
  28:./mcu_periph/sys_time.h ****  */
  29:./mcu_periph/sys_time.h **** 
  30:./mcu_periph/sys_time.h **** #ifndef SYS_TIME_H
  31:./mcu_periph/sys_time.h **** #define SYS_TIME_H
  32:./mcu_periph/sys_time.h **** 
  33:./mcu_periph/sys_time.h **** #include <inttypes.h>
  34:./mcu_periph/sys_time.h **** #include <stdlib.h>
  35:./mcu_periph/sys_time.h **** #include "std.h"
  36:./mcu_periph/sys_time.h **** 
  37:./mcu_periph/sys_time.h **** #include BOARD_CONFIG
  38:./mcu_periph/sys_time.h **** 
  39:./mcu_periph/sys_time.h **** #ifndef SYS_TIME_NB_TIMER
  40:./mcu_periph/sys_time.h **** #define SYS_TIME_NB_TIMER 16
  41:./mcu_periph/sys_time.h **** #endif
  42:./mcu_periph/sys_time.h **** 
  43:./mcu_periph/sys_time.h **** 
  44:./mcu_periph/sys_time.h **** /**
  45:./mcu_periph/sys_time.h ****  * (Default) sys_time timer frequency in Hz.
  46:./mcu_periph/sys_time.h ****  * sys_time.resolution is set from this define.
  47:./mcu_periph/sys_time.h ****  */
  48:./mcu_periph/sys_time.h **** #ifndef SYS_TIME_FREQUENCY
  49:./mcu_periph/sys_time.h **** #if defined PERIODIC_FREQUENCY
  50:./mcu_periph/sys_time.h **** #define SYS_TIME_FREQUENCY (2 * PERIODIC_FREQUENCY)
  51:./mcu_periph/sys_time.h **** #else
  52:./mcu_periph/sys_time.h **** #define SYS_TIME_FREQUENCY 1000
  53:./mcu_periph/sys_time.h **** #endif
  54:./mcu_periph/sys_time.h **** #endif
  55:./mcu_periph/sys_time.h **** 
  56:./mcu_periph/sys_time.h **** 
  57:./mcu_periph/sys_time.h **** typedef uint8_t tid_t; ///< sys_time timer id type
  58:./mcu_periph/sys_time.h **** typedef void (*sys_time_cb)(uint8_t id);
  59:./mcu_periph/sys_time.h **** 
  60:./mcu_periph/sys_time.h **** struct sys_time_timer {
  61:./mcu_periph/sys_time.h ****   bool_t          in_use;
  62:./mcu_periph/sys_time.h ****   sys_time_cb     cb;
  63:./mcu_periph/sys_time.h ****   volatile bool_t elapsed;
  64:./mcu_periph/sys_time.h ****   uint32_t        end_time; ///< in SYS_TIME_TICKS
  65:./mcu_periph/sys_time.h ****   uint32_t        duration; ///< in SYS_TIME_TICKS
  66:./mcu_periph/sys_time.h **** };
  67:./mcu_periph/sys_time.h **** 
  68:./mcu_periph/sys_time.h **** struct sys_time {
  69:./mcu_periph/sys_time.h ****   volatile uint32_t nb_sec;       ///< full seconds since startup
  70:./mcu_periph/sys_time.h ****   volatile uint32_t nb_sec_rem;   ///< remainder of seconds since startup in CPU_TICKS
  71:./mcu_periph/sys_time.h ****   volatile uint32_t nb_tick;      ///< SYS_TIME_TICKS since startup
  72:./mcu_periph/sys_time.h ****   struct sys_time_timer timer[SYS_TIME_NB_TIMER];
  73:./mcu_periph/sys_time.h **** 
  74:./mcu_periph/sys_time.h ****   float resolution;               ///< sys_time_timer resolution in seconds
  75:./mcu_periph/sys_time.h ****   uint32_t ticks_per_sec;         ///< sys_time ticks per second (SYS_TIME_FREQUENCY)
  76:./mcu_periph/sys_time.h ****   uint32_t resolution_cpu_ticks;  ///< sys_time_timer resolution in cpu ticks
  77:./mcu_periph/sys_time.h ****   uint32_t cpu_ticks_per_sec;     ///< cpu ticks per second
  78:./mcu_periph/sys_time.h **** };
  79:./mcu_periph/sys_time.h **** 
  80:./mcu_periph/sys_time.h **** extern struct sys_time sys_time;
  81:./mcu_periph/sys_time.h **** 
  82:./mcu_periph/sys_time.h **** 
  83:./mcu_periph/sys_time.h **** extern void sys_time_init(void);
  84:./mcu_periph/sys_time.h **** 
  85:./mcu_periph/sys_time.h **** /**
  86:./mcu_periph/sys_time.h ****  * Register a new system timer.
  87:./mcu_periph/sys_time.h ****  * @param duration Duration in seconds until the timer elapses.
  88:./mcu_periph/sys_time.h ****  * @param cb Callback function that is called from the ISR when timer elapses, or NULL
  89:./mcu_periph/sys_time.h ****  * @return -1 if it failed, the timer id otherwise
  90:./mcu_periph/sys_time.h ****  */
  91:./mcu_periph/sys_time.h **** extern int sys_time_register_timer(float duration, sys_time_cb cb);
  92:./mcu_periph/sys_time.h **** 
  93:./mcu_periph/sys_time.h **** /**
  94:./mcu_periph/sys_time.h ****  * Cancel a system timer by id.
  95:./mcu_periph/sys_time.h ****  * @param id Timer id.
  96:./mcu_periph/sys_time.h ****  */
  97:./mcu_periph/sys_time.h **** extern void sys_time_cancel_timer(tid_t id);
  98:./mcu_periph/sys_time.h **** 
  99:./mcu_periph/sys_time.h **** /**
 100:./mcu_periph/sys_time.h ****  * Update the duration until a timer elapses.
 101:./mcu_periph/sys_time.h ****  * @param id Timer id
 102:./mcu_periph/sys_time.h ****  * @param duration Duration in seconds until the timer elapses.
 103:./mcu_periph/sys_time.h ****  */
 104:./mcu_periph/sys_time.h **** extern void sys_time_update_timer(tid_t id, float duration);
 105:./mcu_periph/sys_time.h **** 
 106:./mcu_periph/sys_time.h **** /**
 107:./mcu_periph/sys_time.h ****  * Check if timer has elapsed.
 108:./mcu_periph/sys_time.h ****  * @param id Timer id
 109:./mcu_periph/sys_time.h ****  * @return TRUE if timer has elapsed
 110:./mcu_periph/sys_time.h ****  */
 111:./mcu_periph/sys_time.h **** static inline bool_t sys_time_check_and_ack_timer(tid_t id)
 112:./mcu_periph/sys_time.h **** {
 113:./mcu_periph/sys_time.h ****   if (sys_time.timer[id].elapsed) {
 114:./mcu_periph/sys_time.h ****     sys_time.timer[id].elapsed = FALSE;
 115:./mcu_periph/sys_time.h ****     return TRUE;
 116:./mcu_periph/sys_time.h ****   }
 117:./mcu_periph/sys_time.h ****   return FALSE;
 118:./mcu_periph/sys_time.h **** }
 119:./mcu_periph/sys_time.h **** 
 120:./mcu_periph/sys_time.h **** /**
 121:./mcu_periph/sys_time.h ****  * Get the time in seconds since startup.
 122:./mcu_periph/sys_time.h ****  * @return current system time as float with sys_time.resolution
 123:./mcu_periph/sys_time.h ****  */
 124:./mcu_periph/sys_time.h **** static inline float get_sys_time_float(void)
 125:./mcu_periph/sys_time.h **** {
 126:./mcu_periph/sys_time.h ****   return (float)(sys_time.nb_sec + (float)(sys_time.nb_sec_rem) / sys_time.cpu_ticks_per_sec);
 127:./mcu_periph/sys_time.h **** }
 128:./mcu_periph/sys_time.h **** 
 129:./mcu_periph/sys_time.h **** 
 130:./mcu_periph/sys_time.h **** /*
 131:./mcu_periph/sys_time.h ****  * Convenience functions to convert between seconds and sys_time ticks.
 132:./mcu_periph/sys_time.h ****  */
 133:./mcu_periph/sys_time.h **** static inline uint32_t sys_time_ticks_of_sec(float seconds)
 134:./mcu_periph/sys_time.h **** {
 135:./mcu_periph/sys_time.h ****   return (uint32_t)(seconds * sys_time.ticks_per_sec + 0.5);
  65              		.loc 2 135 0
  66 0018 104B     		ldr	r3, .L7
  67              	.LBE9:
  68              	.LBE8:
  43:mcu_periph/sys_time.c ****       sys_time.timer[i].cb         = cb;
  44:mcu_periph/sys_time.c ****       sys_time.timer[i].elapsed    = FALSE;
  69              		.loc 1 44 0
  70 001a 2A75     		strb	r2, [r5, #20]
  71              	.LVL3:
  72              	.LBB12:
  73              	.LBB10:
  74              		.loc 2 135 0
  75 001c D3ED547A 		flds	s15, [r3, #336]	@ int
  76              	.LBE10:
  77              	.LBE12:
  43:mcu_periph/sys_time.c ****       sys_time.timer[i].cb         = cb;
  78              		.loc 1 43 0
  79 0020 2961     		str	r1, [r5, #16]
  80              	.LBB13:
  81              	.LBB11:
  82              		.loc 2 135 0
  83 0022 F8EE677A 		fuitos	s15, s15
  84 0026 67EE277A 		fmuls	s15, s14, s15
  85 002a 17EE900A 		fmrs	r0, s15
  86              	.LVL4:
  87 002e FFF7FEFF 		bl	__aeabi_f2d
  88              	.LVL5:
  89 0032 0022     		movs	r2, #0
  90 0034 0A4B     		ldr	r3, .L7+4
  91 0036 FFF7FEFF 		bl	__aeabi_dadd
  92              	.LVL6:
  93 003a FFF7FEFF 		bl	__aeabi_d2uiz
  94              	.LVL7:
  95              	.LBE11:
  96              	.LBE13:
  45:mcu_periph/sys_time.c ****       sys_time.timer[i].end_time   = start_time + sys_time_ticks_of_sec(duration);
  46:mcu_periph/sys_time.c ****       sys_time.timer[i].duration   = sys_time_ticks_of_sec(duration);
  47:mcu_periph/sys_time.c ****       sys_time.timer[i].in_use     = TRUE;
  97              		.loc 1 47 0
  98 003e 0123     		movs	r3, #1
  45:mcu_periph/sys_time.c ****       sys_time.timer[i].end_time   = start_time + sys_time_ticks_of_sec(duration);
  99              		.loc 1 45 0
 100 0040 0644     		add	r6, r6, r0
 101              	.LVL8:
 102              		.loc 1 47 0
 103 0042 2B73     		strb	r3, [r5, #12]
  46:mcu_periph/sys_time.c ****       sys_time.timer[i].in_use     = TRUE;
 104              		.loc 1 46 0
 105 0044 E861     		str	r0, [r5, #28]
  45:mcu_periph/sys_time.c ****       sys_time.timer[i].end_time   = start_time + sys_time_ticks_of_sec(duration);
 106              		.loc 1 45 0
 107 0046 AE61     		str	r6, [r5, #24]
 108              	.LVL9:
  48:mcu_periph/sys_time.c ****       return i;
 109              		.loc 1 48 0
 110 0048 2046     		mov	r0, r4
 111 004a BDE8F081 		pop	{r4, r5, r6, r7, r8, pc}
 112              	.LVL10:
 113              	.L2:
  41:mcu_periph/sys_time.c ****     if (!sys_time.timer[i].in_use) {
 114              		.loc 1 41 0 discriminator 2
 115 004e 0134     		adds	r4, r4, #1
 116              	.LVL11:
 117 0050 102C     		cmp	r4, #16
 118 0052 DCD1     		bne	.L4
 119              	.LBE7:
  49:mcu_periph/sys_time.c ****     }
  50:mcu_periph/sys_time.c ****   }
  51:mcu_periph/sys_time.c ****   return -1;
 120              		.loc 1 51 0
 121 0054 4FF0FF30 		mov	r0, #-1
 122              	.LVL12:
  52:mcu_periph/sys_time.c **** }
 123              		.loc 1 52 0
 124 0058 BDE8F081 		pop	{r4, r5, r6, r7, r8, pc}
 125              	.LVL13:
 126              	.L8:
 127              		.align	2
 128              	.L7:
 129 005c 00000000 		.word	.LANCHOR0
 130 0060 0000E03F 		.word	1071644672
 131              		.cfi_endproc
 132              	.LFE23:
 134              		.section	.text.sys_time_cancel_timer,"ax",%progbits
 135              		.align	1
 136              		.global	sys_time_cancel_timer
 137              		.thumb
 138              		.thumb_func
 140              	sys_time_cancel_timer:
 141              	.LFB24:
  53:mcu_periph/sys_time.c **** 
  54:mcu_periph/sys_time.c **** 
  55:mcu_periph/sys_time.c **** void sys_time_cancel_timer(tid_t id)
  56:mcu_periph/sys_time.c **** {
 142              		.loc 1 56 0
 143              		.cfi_startproc
 144              		@ args = 0, pretend = 0, frame = 0
 145              		@ frame_needed = 0, uses_anonymous_args = 0
 146              		@ link register save eliminated.
 147              	.LVL14:
  57:mcu_periph/sys_time.c ****   sys_time.timer[id].in_use     = FALSE;
 148              		.loc 1 57 0
 149 0000 054A     		ldr	r2, .L10
 150 0002 1423     		movs	r3, #20
 151 0004 03FB0020 		mla	r0, r3, r0, r2
 152              	.LVL15:
 153 0008 0023     		movs	r3, #0
 154 000a 0373     		strb	r3, [r0, #12]
  58:mcu_periph/sys_time.c ****   sys_time.timer[id].cb         = NULL;
 155              		.loc 1 58 0
 156 000c 0361     		str	r3, [r0, #16]
  59:mcu_periph/sys_time.c ****   sys_time.timer[id].elapsed    = FALSE;
 157              		.loc 1 59 0
 158 000e 0375     		strb	r3, [r0, #20]
  60:mcu_periph/sys_time.c ****   sys_time.timer[id].end_time   = 0;
 159              		.loc 1 60 0
 160 0010 8361     		str	r3, [r0, #24]
  61:mcu_periph/sys_time.c ****   sys_time.timer[id].duration   = 0;
 161              		.loc 1 61 0
 162 0012 C361     		str	r3, [r0, #28]
 163 0014 7047     		bx	lr
 164              	.L11:
 165 0016 00BF     		.align	2
 166              	.L10:
 167 0018 00000000 		.word	.LANCHOR0
 168              		.cfi_endproc
 169              	.LFE24:
 171              		.section	.text.sys_time_update_timer,"ax",%progbits
 172              		.align	1
 173              		.global	sys_time_update_timer
 174              		.thumb
 175              		.thumb_func
 177              	sys_time_update_timer:
 178              	.LFB25:
  62:mcu_periph/sys_time.c **** }
  63:mcu_periph/sys_time.c **** 
  64:mcu_periph/sys_time.c **** // FIXME: race condition ??
  65:mcu_periph/sys_time.c **** void sys_time_update_timer(tid_t id, float duration)
  66:mcu_periph/sys_time.c **** {
 179              		.loc 1 66 0
 180              		.cfi_startproc
 181              		@ args = 0, pretend = 0, frame = 0
 182              		@ frame_needed = 0, uses_anonymous_args = 0
 183              	.LVL16:
 184 0000 38B5     		push	{r3, r4, r5, lr}
 185              		.cfi_def_cfa_offset 16
 186              		.cfi_offset 3, -16
 187              		.cfi_offset 4, -12
 188              		.cfi_offset 5, -8
 189              		.cfi_offset 14, -4
 190              	.LBB18:
 191              	.LBB19:
 192              		.loc 2 135 0
 193 0002 0F4D     		ldr	r5, .L13
 194 0004 D5ED547A 		flds	s15, [r5, #336]	@ int
 195 0008 07EE101A 		fmsr	s14, r1
 196 000c F8EE677A 		fuitos	s15, s15
 197              	.LBE19:
 198              	.LBE18:
 199              		.loc 1 66 0
 200 0010 0446     		mov	r4, r0
 201              	.LBB21:
 202              	.LBB20:
 203              		.loc 2 135 0
 204 0012 67EE277A 		fmuls	s15, s14, s15
 205 0016 17EE900A 		fmrs	r0, s15
 206              	.LVL17:
 207 001a FFF7FEFF 		bl	__aeabi_f2d
 208              	.LVL18:
 209 001e 0022     		movs	r2, #0
 210 0020 084B     		ldr	r3, .L13+4
 211 0022 FFF7FEFF 		bl	__aeabi_dadd
 212              	.LVL19:
 213 0026 FFF7FEFF 		bl	__aeabi_d2uiz
 214              	.LVL20:
 215              	.LBE20:
 216              	.LBE21:
  67:mcu_periph/sys_time.c ****   mcu_int_disable();
  68:mcu_periph/sys_time.c ****   sys_time.timer[id].end_time -= (sys_time.timer[id].duration - sys_time_ticks_of_sec(duration));
 217              		.loc 1 68 0
 218 002a 1423     		movs	r3, #20
 219 002c 03FB0453 		mla	r3, r3, r4, r5
 220 0030 DA69     		ldr	r2, [r3, #28]
  69:mcu_periph/sys_time.c ****   sys_time.timer[id].duration = sys_time_ticks_of_sec(duration);
 221              		.loc 1 69 0
 222 0032 D861     		str	r0, [r3, #28]
  68:mcu_periph/sys_time.c ****   sys_time.timer[id].duration = sys_time_ticks_of_sec(duration);
 223              		.loc 1 68 0
 224 0034 111A     		subs	r1, r2, r0
 225 0036 9A69     		ldr	r2, [r3, #24]
 226 0038 521A     		subs	r2, r2, r1
 227 003a 9A61     		str	r2, [r3, #24]
 228              	.LVL21:
 229 003c 38BD     		pop	{r3, r4, r5, pc}
 230              	.L14:
 231 003e 00BF     		.align	2
 232              	.L13:
 233 0040 00000000 		.word	.LANCHOR0
 234 0044 0000E03F 		.word	1071644672
 235              		.cfi_endproc
 236              	.LFE25:
 238              		.section	.text.sys_time_init,"ax",%progbits
 239              		.align	1
 240              		.global	sys_time_init
 241              		.thumb
 242              		.thumb_func
 244              	sys_time_init:
 245              	.LFB26:
  70:mcu_periph/sys_time.c ****   mcu_int_enable();
  71:mcu_periph/sys_time.c **** }
  72:mcu_periph/sys_time.c **** 
  73:mcu_periph/sys_time.c **** void sys_time_init(void)
  74:mcu_periph/sys_time.c **** {
 246              		.loc 1 74 0
 247              		.cfi_startproc
 248              		@ args = 0, pretend = 0, frame = 0
 249              		@ frame_needed = 0, uses_anonymous_args = 0
  75:mcu_periph/sys_time.c ****   sys_time.nb_sec     = 0;
 250              		.loc 1 75 0
 251 0000 0F4B     		ldr	r3, .L18
  76:mcu_periph/sys_time.c ****   sys_time.nb_sec_rem = 0;
  77:mcu_periph/sys_time.c ****   sys_time.nb_tick    = 0;
  78:mcu_periph/sys_time.c **** 
  79:mcu_periph/sys_time.c ****   sys_time.ticks_per_sec = SYS_TIME_FREQUENCY;
 252              		.loc 1 79 0
 253 0002 C821     		movs	r1, #200
  74:mcu_periph/sys_time.c ****   sys_time.nb_sec     = 0;
 254              		.loc 1 74 0
 255 0004 10B5     		push	{r4, lr}
 256              		.cfi_def_cfa_offset 8
 257              		.cfi_offset 4, -8
 258              		.cfi_offset 14, -4
  75:mcu_periph/sys_time.c ****   sys_time.nb_sec     = 0;
 259              		.loc 1 75 0
 260 0006 0022     		movs	r2, #0
 261              		.loc 1 79 0
 262 0008 C3F85011 		str	r1, [r3, #336]
  80:mcu_periph/sys_time.c ****   sys_time.resolution = 1.0 / sys_time.ticks_per_sec;
 263              		.loc 1 80 0
 264 000c 0D49     		ldr	r1, .L18+4
  75:mcu_periph/sys_time.c ****   sys_time.nb_sec_rem = 0;
 265              		.loc 1 75 0
 266 000e 1A60     		str	r2, [r3]
 267              		.loc 1 80 0
 268 0010 C3F84C11 		str	r1, [r3, #332]	@ float
 269              	.LVL22:
  76:mcu_periph/sys_time.c ****   sys_time.nb_tick    = 0;
 270              		.loc 1 76 0
 271 0014 5A60     		str	r2, [r3, #4]
 272 0016 1C46     		mov	r4, r3
  77:mcu_periph/sys_time.c **** 
 273              		.loc 1 77 0
 274 0018 9A60     		str	r2, [r3, #8]
 275              	.LVL23:
 276              	.L16:
 277              	.LBB22:
  81:mcu_periph/sys_time.c **** 
  82:mcu_periph/sys_time.c ****   for (unsigned int i = 0; i < SYS_TIME_NB_TIMER; i++) {
  83:mcu_periph/sys_time.c ****     sys_time.timer[i].in_use     = FALSE;
  84:mcu_periph/sys_time.c ****     sys_time.timer[i].cb         = NULL;
  85:mcu_periph/sys_time.c ****     sys_time.timer[i].elapsed    = FALSE;
 278              		.loc 1 85 0 discriminator 3
 279 001a 1420     		movs	r0, #20
 280 001c 00FB0240 		mla	r0, r0, r2, r4
  82:mcu_periph/sys_time.c ****     sys_time.timer[i].in_use     = FALSE;
 281              		.loc 1 82 0 discriminator 3
 282 0020 0132     		adds	r2, r2, #1
 283              	.LVL24:
  83:mcu_periph/sys_time.c ****     sys_time.timer[i].cb         = NULL;
 284              		.loc 1 83 0 discriminator 3
 285 0022 0021     		movs	r1, #0
  82:mcu_periph/sys_time.c ****     sys_time.timer[i].in_use     = FALSE;
 286              		.loc 1 82 0 discriminator 3
 287 0024 102A     		cmp	r2, #16
  83:mcu_periph/sys_time.c ****     sys_time.timer[i].cb         = NULL;
 288              		.loc 1 83 0 discriminator 3
 289 0026 1973     		strb	r1, [r3, #12]
  84:mcu_periph/sys_time.c ****     sys_time.timer[i].elapsed    = FALSE;
 290              		.loc 1 84 0 discriminator 3
 291 0028 1961     		str	r1, [r3, #16]
 292              		.loc 1 85 0 discriminator 3
 293 002a 0175     		strb	r1, [r0, #20]
 294 002c 03F11403 		add	r3, r3, #20
  86:mcu_periph/sys_time.c ****     sys_time.timer[i].end_time   = 0;
 295              		.loc 1 86 0 discriminator 3
 296 0030 5960     		str	r1, [r3, #4]
  87:mcu_periph/sys_time.c ****     sys_time.timer[i].duration   = 0;
 297              		.loc 1 87 0 discriminator 3
 298 0032 9960     		str	r1, [r3, #8]
  82:mcu_periph/sys_time.c ****     sys_time.timer[i].in_use     = FALSE;
 299              		.loc 1 82 0 discriminator 3
 300 0034 F1D1     		bne	.L16
 301              	.LBE22:
  88:mcu_periph/sys_time.c ****   }
  89:mcu_periph/sys_time.c **** 
  90:mcu_periph/sys_time.c ****   sys_time_arch_init();
  91:mcu_periph/sys_time.c **** }
 302              		.loc 1 91 0
 303 0036 BDE81040 		pop	{r4, lr}
 304              		.cfi_restore 14
 305              		.cfi_restore 4
 306              		.cfi_def_cfa_offset 0
  90:mcu_periph/sys_time.c **** }
 307              		.loc 1 90 0
 308 003a FFF7FEBF 		b	sys_time_arch_init
 309              	.LVL25:
 310              	.L19:
 311 003e 00BF     		.align	2
 312              	.L18:
 313 0040 00000000 		.word	.LANCHOR0
 314 0044 0AD7A33B 		.word	1000593162
 315              		.cfi_endproc
 316              	.LFE26:
 318              		.global	sys_time
 319              		.section	.bss.sys_time,"aw",%nobits
 320              		.align	2
 321              		.set	.LANCHOR0,. + 0
 324              	sys_time:
 325 0000 00000000 		.space	348
 325      00000000 
 325      00000000 
 325      00000000 
 325      00000000 
 326              		.text
 327              	.Letext0:
 328              		.file 3 "/usr/arm-none-eabi/include/machine/_default_types.h"
 329              		.file 4 "/usr/arm-none-eabi/include/sys/_stdint.h"
 330              		.file 5 "/home/dino/paparazzi/sw/include/std.h"
 331              		.file 6 "../ext/libopencm3/include/libopencm3/stm32/f4/rcc.h"
DEFINED SYMBOLS
                            *ABS*:00000000 sys_time.c
     /tmp/ccjMeyVd.s:23     .text.sys_time_register_timer:00000000 $t
     /tmp/ccjMeyVd.s:28     .text.sys_time_register_timer:00000000 sys_time_register_timer
     /tmp/ccjMeyVd.s:129    .text.sys_time_register_timer:0000005c $d
     /tmp/ccjMeyVd.s:135    .text.sys_time_cancel_timer:00000000 $t
     /tmp/ccjMeyVd.s:140    .text.sys_time_cancel_timer:00000000 sys_time_cancel_timer
     /tmp/ccjMeyVd.s:167    .text.sys_time_cancel_timer:00000018 $d
     /tmp/ccjMeyVd.s:172    .text.sys_time_update_timer:00000000 $t
     /tmp/ccjMeyVd.s:177    .text.sys_time_update_timer:00000000 sys_time_update_timer
     /tmp/ccjMeyVd.s:233    .text.sys_time_update_timer:00000040 $d
     /tmp/ccjMeyVd.s:239    .text.sys_time_init:00000000 $t
     /tmp/ccjMeyVd.s:244    .text.sys_time_init:00000000 sys_time_init
     /tmp/ccjMeyVd.s:313    .text.sys_time_init:00000040 $d
     /tmp/ccjMeyVd.s:324    .bss.sys_time:00000000 sys_time
     /tmp/ccjMeyVd.s:320    .bss.sys_time:00000000 $d
                     .debug_frame:00000010 $d
                           .group:00000000 wm4.0.7f506cdee5614e5fae524d20989ad8c8
                           .group:00000000 wm4.newlib.h.8.2702bca278809460f0af6fba1d84eb68
                           .group:00000000 wm4.features.h.22.2e382148a0560adabf236cddd4e880f4
                           .group:00000000 wm4.config.h.220.a09b0b0de3c25be3f39d71990e617bff
                           .group:00000000 wm4._intsup.h.10.b2832a532eae49c14d45880be6d4ca65
                           .group:00000000 wm4._default_types.h.6.35ee9e747940367bf2a634907d1c2382
                           .group:00000000 wm4._stdint.h.10.f76354baea1c7088202064e6f3d4f5e3
                           .group:00000000 wm4.stdint.h.23.373a9d32a9e4c2e88fd347156532d281
                           .group:00000000 wm4.stddef.h.263.49e44f5ee9cdd8820580fc4aa239e32a
                           .group:00000000 wm4.inttypes.h.23.a096771aacee9aba4b33c2d04aacc9b1
                           .group:00000000 wm4._ansi.h.13.1b5575dc7921a4c0cff7dbaa2f33e670
                           .group:00000000 wm4.stdlib.h.13.4ed386f5c1a80d71e72172885d946ef2
                           .group:00000000 wm4.stddef.h.184.e5e1bea8c259692d06c9231e54cad476
                           .group:00000000 wm4.stddef.h.39.d0197034aa5fd947cae140b9289e6734
                           .group:00000000 wm4.lock.h.2.9bc98482741e5e2a9450b12934a684ea
                           .group:00000000 wm4._types.h.54.d3d34a3b7f3cc230cd159baf022b4b08
                           .group:00000000 wm4.stddef.h.158.61317cdbfb4026324507d123a50b0fd6
                           .group:00000000 wm4.reent.h.17.8bd9e4098e0428508c282cad794fae43
                           .group:00000000 wm4.cdefs.h.47.3052445825803de6c3a3b68ec8193866
                           .group:00000000 wm4.alloca.h.8.dfc0c703c47ec3e69746825b17d9e66d
                           .group:00000000 wm4.stdlib.h.54.cd3744e0b066087ec8fbb1bdc22d1043
                           .group:00000000 wm4.stdbool.h.29.1c9ee6859ce8145f7838a4f2549ccec2
                           .group:00000000 wm4.math.h.35.ad242c9287d2217c7d2035216e5d04ca
                           .group:00000000 wm4.message_pragmas.h.2.a703592919ab94db061a475289156c21
                           .group:00000000 wm4.std.h.37.c94f17957e155d4dda789b7ad0549a32
                           .group:00000000 wm4.apogee_1.0.h.2.34ab7bb688056eecb54e2e3ffff48ca6
                           .group:00000000 wm4.sys_time.h.40.92f532b5cea824e0ec5ea845e7275d34
                           .group:00000000 wm4.common.h.21.22efaac882611267214d0a36f6f15e74
                           .group:00000000 wm4.memorymap.h.21.0c01d18fc5814f65c6ceb1822d4030fa
                           .group:00000000 wm4.memorymap.h.28.85f6f5de65b1d4294c70f79052a0b8c0
                           .group:00000000 wm4.gpio_common_all.h.37.fedbbcb9179f773c905aa3c3e4b7dbdd
                           .group:00000000 wm4.gpio_common_f234.h.48.ee30692f386eaf6801df27cae93943b1
                           .group:00000000 wm4.gpio_common_f24.h.48.4e4be5e3ebe26aee10d604e2d0fecde8
                           .group:00000000 wm4.rcc.h.46.c4bbaa886b7ca1bd1829424ae12e70af
                           .group:00000000 wm4.systick.h.44.34e759e1f218a187b07e9a617cb1d556
                           .group:00000000 wm4.sys_time.h.213.4ee43452c5934214134db56488f53299
                           .group:00000000 wm4.mcu_arch.h.30.9e61c0408281ef19f3143a9b685c0b7d

UNDEFINED SYMBOLS
__aeabi_f2d
__aeabi_dadd
__aeabi_d2uiz
sys_time_arch_init
