   1              		.syntax unified
   2              		.cpu cortex-m4
   3              		.eabi_attribute 27, 3
   4              		.fpu fpv4-sp-d16
   5              		.eabi_attribute 20, 1
   6              		.eabi_attribute 21, 1
   7              		.eabi_attribute 23, 3
   8              		.eabi_attribute 24, 1
   9              		.eabi_attribute 25, 1
  10              		.eabi_attribute 26, 1
  11              		.eabi_attribute 30, 4
  12              		.eabi_attribute 34, 1
  13              		.eabi_attribute 18, 4
  14              		.thumb
  15              		.file	"commands.c"
  16              		.text
  17              	.Ltext0:
  18              		.cfi_sections	.debug_frame
  19              		.global	commands_failsafe
  20              		.global	commands
  21              		.section	.bss.commands,"aw",%nobits
  22              		.align	1
  25              	commands:
  26 0000 00000000 		.space	8
  26      00000000 
  27              		.section	.rodata.commands_failsafe,"a",%progbits
  28              		.align	1
  31              	commands_failsafe:
  32 0000 00000000 		.space	8
  32      00000000 
  33              		.text
  34              	.Letext0:
  35              		.file 1 "/home/lsk/gcc-arm-none-eabi-4_8-2014q3/arm-none-eabi/include/machine/_default_types.h"
  36              		.file 2 "/home/lsk/gcc-arm-none-eabi-4_8-2014q3/arm-none-eabi/include/stdint.h"
  37              		.file 3 "./paparazzi.h"
  38              		.file 4 "subsystems/commands.c"
DEFINED SYMBOLS
                            *ABS*:00000000 commands.c
     /tmp/ccczG2Ov.s:31     .rodata.commands_failsafe:00000000 commands_failsafe
     /tmp/ccczG2Ov.s:25     .bss.commands:00000000 commands
     /tmp/ccczG2Ov.s:22     .bss.commands:00000000 $d
     /tmp/ccczG2Ov.s:28     .rodata.commands_failsafe:00000000 $d
                           .group:00000000 wm4.0.61e172dafa1e7adfbd840ee8b103061f
                           .group:00000000 wm4.features.h.22.6a4ca7cd053637cc1d0db6c16f39b2d7
                           .group:00000000 wm4._default_types.h.6.9e4229723f5523536bc8f574589d6a99
                           .group:00000000 wm4.stdint.h.20.796e373797e732130a803d4c0338fa1b
                           .group:00000000 wm4.stddef.h.263.49e44f5ee9cdd8820580fc4aa239e32a
                           .group:00000000 wm4.inttypes.h.24.4db40689d622c4d3b547b5801303bdae
                           .group:00000000 wm4.paparazzi.h.8.8c568e553ef48a77c5eec83d5e842baa
                           .group:00000000 wm4.airframe.h.5.1b65f22e2c90217dfc42bdae27fe483a
                           .group:00000000 wm4.stdbool.h.29.1c9ee6859ce8145f7838a4f2549ccec2
                           .group:00000000 wm4.newlib.h.8.fec018e441fee7bfa1923812ad010f97
                           .group:00000000 wm4.config.h.212.4163ef2871a828c674038d036b081cfd
                           .group:00000000 wm4._ansi.h.23.2147fde150631f5584b9dc29b914d1b8
                           .group:00000000 wm4.stddef.h.39.2b75ea897b59bf67f50e970d678806e4
                           .group:00000000 wm4.lock.h.2.9bc98482741e5e2a9450b12934a684ea
                           .group:00000000 wm4._types.h.54.d3d34a3b7f3cc230cd159baf022b4b08
                           .group:00000000 wm4.stddef.h.158.61317cdbfb4026324507d123a50b0fd6
                           .group:00000000 wm4.reent.h.17.8bd9e4098e0428508c282cad794fae43
                           .group:00000000 wm4.math.h.35.13c5bec129ef04ad1bb0a1152b29c624
                           .group:00000000 wm4.message_pragmas.h.2.a703592919ab94db061a475289156c21
                           .group:00000000 wm4.std.h.37.c94f17957e155d4dda789b7ad0549a32
                           .group:00000000 wm4.krooz_sd.h.2.013366a614baabbe44cc2bbd3205e3d1
                           .group:00000000 wm4.actuators_pwm_arch.h.41.fa66469024778df593e0e3d83e4a3c37
                           .group:00000000 wm4.airframe.h.14.f46e30d413878b482f16a5abf2127a4b

NO UNDEFINED SYMBOLS
