   1              		.syntax unified
   2              		.cpu cortex-m4
   3              		.eabi_attribute 27, 3
   4              		.fpu fpv4-sp-d16
   5              		.eabi_attribute 20, 1
   6              		.eabi_attribute 21, 1
   7              		.eabi_attribute 23, 3
   8              		.eabi_attribute 24, 1
   9              		.eabi_attribute 25, 1
  10              		.eabi_attribute 26, 1
  11              		.eabi_attribute 30, 4
  12              		.eabi_attribute 34, 1
  13              		.eabi_attribute 18, 4
  14              		.thumb
  15              		.file	"stabilization_none.c"
  16              		.text
  17              	.Ltext0:
  18              		.cfi_sections	.debug_frame
  19              		.section	.text.stabilization_none_init,"ax",%progbits
  20              		.align	1
  21              		.global	stabilization_none_init
  22              		.thumb
  23              		.thumb_func
  25              	stabilization_none_init:
  26              	.LFB14:
  27              		.file 1 "firmwares/rotorcraft/stabilization/stabilization_none.c"
   1:firmwares/rotorcraft/stabilization/stabilization_none.c **** /*
   2:firmwares/rotorcraft/stabilization/stabilization_none.c ****  * Copyright (C) 2011-2012 The Paparazzi Team
   3:firmwares/rotorcraft/stabilization/stabilization_none.c ****  *
   4:firmwares/rotorcraft/stabilization/stabilization_none.c ****  * This file is part of paparazzi.
   5:firmwares/rotorcraft/stabilization/stabilization_none.c ****  *
   6:firmwares/rotorcraft/stabilization/stabilization_none.c ****  * paparazzi is free software; you can redistribute it and/or modify
   7:firmwares/rotorcraft/stabilization/stabilization_none.c ****  * it under the terms of the GNU General Public License as published by
   8:firmwares/rotorcraft/stabilization/stabilization_none.c ****  * the Free Software Foundation; either version 2, or (at your option)
   9:firmwares/rotorcraft/stabilization/stabilization_none.c ****  * any later version.
  10:firmwares/rotorcraft/stabilization/stabilization_none.c ****  *
  11:firmwares/rotorcraft/stabilization/stabilization_none.c ****  * paparazzi is distributed in the hope that it will be useful,
  12:firmwares/rotorcraft/stabilization/stabilization_none.c ****  * but WITHOUT ANY WARRANTY; without even the implied warranty of
  13:firmwares/rotorcraft/stabilization/stabilization_none.c ****  * MERCHANTABILITY or FITNESS FOR A PARTICULAR PURPOSE.  See the
  14:firmwares/rotorcraft/stabilization/stabilization_none.c ****  * GNU General Public License for more details.
  15:firmwares/rotorcraft/stabilization/stabilization_none.c ****  *
  16:firmwares/rotorcraft/stabilization/stabilization_none.c ****  * You should have received a copy of the GNU General Public License
  17:firmwares/rotorcraft/stabilization/stabilization_none.c ****  * along with paparazzi; see the file COPYING.  If not, write to
  18:firmwares/rotorcraft/stabilization/stabilization_none.c ****  * the Free Software Foundation, 59 Temple Place - Suite 330,
  19:firmwares/rotorcraft/stabilization/stabilization_none.c ****  * Boston, MA 02111-1307, USA.
  20:firmwares/rotorcraft/stabilization/stabilization_none.c ****  */
  21:firmwares/rotorcraft/stabilization/stabilization_none.c **** 
  22:firmwares/rotorcraft/stabilization/stabilization_none.c **** /** @file stabilization_none.c
  23:firmwares/rotorcraft/stabilization/stabilization_none.c ****  *  Dummy stabilization for rotorcrafts.
  24:firmwares/rotorcraft/stabilization/stabilization_none.c ****  *
  25:firmwares/rotorcraft/stabilization/stabilization_none.c ****  *  Doesn't actually do any stabilization,
  26:firmwares/rotorcraft/stabilization/stabilization_none.c ****  *  just directly passes the RC commands along.
  27:firmwares/rotorcraft/stabilization/stabilization_none.c ****  */
  28:firmwares/rotorcraft/stabilization/stabilization_none.c **** 
  29:firmwares/rotorcraft/stabilization/stabilization_none.c **** #include "firmwares/rotorcraft/stabilization.h"
  30:firmwares/rotorcraft/stabilization/stabilization_none.c **** #include "firmwares/rotorcraft/stabilization/stabilization_none.h"
  31:firmwares/rotorcraft/stabilization/stabilization_none.c **** 
  32:firmwares/rotorcraft/stabilization/stabilization_none.c **** #include "subsystems/radio_control.h"
  33:firmwares/rotorcraft/stabilization/stabilization_none.c **** #include "generated/airframe.h"
  34:firmwares/rotorcraft/stabilization/stabilization_none.c **** 
  35:firmwares/rotorcraft/stabilization/stabilization_none.c **** struct Int32Rates stabilization_none_rc_cmd;
  36:firmwares/rotorcraft/stabilization/stabilization_none.c **** 
  37:firmwares/rotorcraft/stabilization/stabilization_none.c **** void stabilization_none_init(void)
  38:firmwares/rotorcraft/stabilization/stabilization_none.c **** {
  28              		.loc 1 38 0
  29              		.cfi_startproc
  30              		@ args = 0, pretend = 0, frame = 0
  31              		@ frame_needed = 0, uses_anonymous_args = 0
  32              		@ link register save eliminated.
  39:firmwares/rotorcraft/stabilization/stabilization_none.c ****   INT_RATES_ZERO(stabilization_none_rc_cmd);
  33              		.loc 1 39 0
  34 0000 024B     		ldr	r3, .L2
  35 0002 0022     		movs	r2, #0
  36 0004 1A60     		str	r2, [r3]
  37 0006 5A60     		str	r2, [r3, #4]
  38 0008 9A60     		str	r2, [r3, #8]
  39 000a 7047     		bx	lr
  40              	.L3:
  41              		.align	2
  42              	.L2:
  43 000c 00000000 		.word	.LANCHOR0
  44              		.cfi_endproc
  45              	.LFE14:
  47              		.section	.text.stabilization_none_read_rc,"ax",%progbits
  48              		.align	1
  49              		.global	stabilization_none_read_rc
  50              		.thumb
  51              		.thumb_func
  53              	stabilization_none_read_rc:
  54              	.LFB15:
  40:firmwares/rotorcraft/stabilization/stabilization_none.c **** }
  41:firmwares/rotorcraft/stabilization/stabilization_none.c **** 
  42:firmwares/rotorcraft/stabilization/stabilization_none.c **** void stabilization_none_read_rc(void)
  43:firmwares/rotorcraft/stabilization/stabilization_none.c **** {
  55              		.loc 1 43 0
  56              		.cfi_startproc
  57              		@ args = 0, pretend = 0, frame = 0
  58              		@ frame_needed = 0, uses_anonymous_args = 0
  59              		@ link register save eliminated.
  44:firmwares/rotorcraft/stabilization/stabilization_none.c **** 
  45:firmwares/rotorcraft/stabilization/stabilization_none.c ****   stabilization_none_rc_cmd.p = (int32_t)radio_control.values[RADIO_ROLL];
  60              		.loc 1 45 0
  61 0000 054A     		ldr	r2, .L5
  62 0002 064B     		ldr	r3, .L5+4
  63 0004 B2F90610 		ldrsh	r1, [r2, #6]
  64 0008 1960     		str	r1, [r3]
  46:firmwares/rotorcraft/stabilization/stabilization_none.c ****   stabilization_none_rc_cmd.q = (int32_t)radio_control.values[RADIO_PITCH];
  65              		.loc 1 46 0
  66 000a B2F90810 		ldrsh	r1, [r2, #8]
  47:firmwares/rotorcraft/stabilization/stabilization_none.c ****   stabilization_none_rc_cmd.r = (int32_t)radio_control.values[RADIO_YAW];
  67              		.loc 1 47 0
  68 000e B2F90C20 		ldrsh	r2, [r2, #12]
  46:firmwares/rotorcraft/stabilization/stabilization_none.c ****   stabilization_none_rc_cmd.q = (int32_t)radio_control.values[RADIO_PITCH];
  69              		.loc 1 46 0
  70 0012 5960     		str	r1, [r3, #4]
  71              		.loc 1 47 0
  72 0014 9A60     		str	r2, [r3, #8]
  73 0016 7047     		bx	lr
  74              	.L6:
  75              		.align	2
  76              	.L5:
  77 0018 00000000 		.word	radio_control
  78 001c 00000000 		.word	.LANCHOR0
  79              		.cfi_endproc
  80              	.LFE15:
  82              		.section	.text.stabilization_none_enter,"ax",%progbits
  83              		.align	1
  84              		.global	stabilization_none_enter
  85              		.thumb
  86              		.thumb_func
  88              	stabilization_none_enter:
  89              	.LFB16:
  48:firmwares/rotorcraft/stabilization/stabilization_none.c **** }
  49:firmwares/rotorcraft/stabilization/stabilization_none.c **** 
  50:firmwares/rotorcraft/stabilization/stabilization_none.c **** void stabilization_none_enter(void)
  51:firmwares/rotorcraft/stabilization/stabilization_none.c **** {
  90              		.loc 1 51 0
  91              		.cfi_startproc
  92              		@ args = 0, pretend = 0, frame = 0
  93              		@ frame_needed = 0, uses_anonymous_args = 0
  94              		@ link register save eliminated.
  52:firmwares/rotorcraft/stabilization/stabilization_none.c ****   INT_RATES_ZERO(stabilization_none_rc_cmd);
  95              		.loc 1 52 0
  96 0000 024B     		ldr	r3, .L8
  97 0002 0022     		movs	r2, #0
  98 0004 1A60     		str	r2, [r3]
  99 0006 5A60     		str	r2, [r3, #4]
 100 0008 9A60     		str	r2, [r3, #8]
 101 000a 7047     		bx	lr
 102              	.L9:
 103              		.align	2
 104              	.L8:
 105 000c 00000000 		.word	.LANCHOR0
 106              		.cfi_endproc
 107              	.LFE16:
 109              		.section	.text.stabilization_none_run,"ax",%progbits
 110              		.align	1
 111              		.global	stabilization_none_run
 112              		.thumb
 113              		.thumb_func
 115              	stabilization_none_run:
 116              	.LFB17:
  53:firmwares/rotorcraft/stabilization/stabilization_none.c **** }
  54:firmwares/rotorcraft/stabilization/stabilization_none.c **** 
  55:firmwares/rotorcraft/stabilization/stabilization_none.c **** void stabilization_none_run(bool_t in_flight __attribute__((unused)))
  56:firmwares/rotorcraft/stabilization/stabilization_none.c **** {
 117              		.loc 1 56 0
 118              		.cfi_startproc
 119              		@ args = 0, pretend = 0, frame = 0
 120              		@ frame_needed = 0, uses_anonymous_args = 0
 121              		@ link register save eliminated.
 122              	.LVL0:
  57:firmwares/rotorcraft/stabilization/stabilization_none.c ****   /* just directly pass rc commands through */
  58:firmwares/rotorcraft/stabilization/stabilization_none.c ****   stabilization_cmd[COMMAND_ROLL]  = stabilization_none_rc_cmd.p;
 123              		.loc 1 58 0
 124 0000 044A     		ldr	r2, .L11
 125 0002 054B     		ldr	r3, .L11+4
 126 0004 1168     		ldr	r1, [r2]
 127 0006 1960     		str	r1, [r3]
  59:firmwares/rotorcraft/stabilization/stabilization_none.c ****   stabilization_cmd[COMMAND_PITCH] = stabilization_none_rc_cmd.q;
 128              		.loc 1 59 0
 129 0008 5168     		ldr	r1, [r2, #4]
  60:firmwares/rotorcraft/stabilization/stabilization_none.c ****   stabilization_cmd[COMMAND_YAW]   = stabilization_none_rc_cmd.r;
 130              		.loc 1 60 0
 131 000a 9268     		ldr	r2, [r2, #8]
  59:firmwares/rotorcraft/stabilization/stabilization_none.c ****   stabilization_cmd[COMMAND_PITCH] = stabilization_none_rc_cmd.q;
 132              		.loc 1 59 0
 133 000c 5960     		str	r1, [r3, #4]
 134              		.loc 1 60 0
 135 000e 9A60     		str	r2, [r3, #8]
 136 0010 7047     		bx	lr
 137              	.L12:
 138 0012 00BF     		.align	2
 139              	.L11:
 140 0014 00000000 		.word	.LANCHOR0
 141 0018 00000000 		.word	stabilization_cmd
 142              		.cfi_endproc
 143              	.LFE17:
 145              		.global	stabilization_none_rc_cmd
 146              		.section	.bss.stabilization_none_rc_cmd,"aw",%nobits
 147              		.align	2
 148              		.set	.LANCHOR0,. + 0
 151              	stabilization_none_rc_cmd:
 152 0000 00000000 		.space	12
 152      00000000 
 152      00000000 
 153              		.text
 154              	.Letext0:
 155              		.file 2 "/home/lsk/gcc-arm-none-eabi-4_8-2014q3/arm-none-eabi/include/machine/_default_types.h"
 156              		.file 3 "/home/lsk/gcc-arm-none-eabi-4_8-2014q3/arm-none-eabi/include/stdint.h"
 157              		.file 4 "/home/lsk/paparazzi/sw/include/std.h"
 158              		.file 5 "./math/pprz_algebra_int.h"
 159              		.file 6 "./paparazzi.h"
 160              		.file 7 "./subsystems/radio_control.h"
 161              		.file 8 "./firmwares/rotorcraft/stabilization.h"
 162              		.file 9 "../ext/libopencm3/include/libopencm3/stm32/f4/rcc.h"
DEFINED SYMBOLS
                            *ABS*:00000000 stabilization_none.c
     /tmp/ccrGGuXd.s:20     .text.stabilization_none_init:00000000 $t
     /tmp/ccrGGuXd.s:25     .text.stabilization_none_init:00000000 stabilization_none_init
     /tmp/ccrGGuXd.s:43     .text.stabilization_none_init:0000000c $d
     /tmp/ccrGGuXd.s:48     .text.stabilization_none_read_rc:00000000 $t
     /tmp/ccrGGuXd.s:53     .text.stabilization_none_read_rc:00000000 stabilization_none_read_rc
     /tmp/ccrGGuXd.s:77     .text.stabilization_none_read_rc:00000018 $d
     /tmp/ccrGGuXd.s:83     .text.stabilization_none_enter:00000000 $t
     /tmp/ccrGGuXd.s:88     .text.stabilization_none_enter:00000000 stabilization_none_enter
     /tmp/ccrGGuXd.s:105    .text.stabilization_none_enter:0000000c $d
     /tmp/ccrGGuXd.s:110    .text.stabilization_none_run:00000000 $t
     /tmp/ccrGGuXd.s:115    .text.stabilization_none_run:00000000 stabilization_none_run
     /tmp/ccrGGuXd.s:140    .text.stabilization_none_run:00000014 $d
     /tmp/ccrGGuXd.s:151    .bss.stabilization_none_rc_cmd:00000000 stabilization_none_rc_cmd
     /tmp/ccrGGuXd.s:147    .bss.stabilization_none_rc_cmd:00000000 $d
                     .debug_frame:00000010 $d
                           .group:00000000 wm4.0.61e172dafa1e7adfbd840ee8b103061f
                           .group:00000000 wm4.features.h.22.6a4ca7cd053637cc1d0db6c16f39b2d7
                           .group:00000000 wm4._default_types.h.6.9e4229723f5523536bc8f574589d6a99
                           .group:00000000 wm4.stdint.h.20.796e373797e732130a803d4c0338fa1b
                           .group:00000000 wm4.stddef.h.263.49e44f5ee9cdd8820580fc4aa239e32a
                           .group:00000000 wm4.inttypes.h.24.4db40689d622c4d3b547b5801303bdae
                           .group:00000000 wm4.stdbool.h.29.1c9ee6859ce8145f7838a4f2549ccec2
                           .group:00000000 wm4.newlib.h.8.fec018e441fee7bfa1923812ad010f97
                           .group:00000000 wm4.config.h.212.4163ef2871a828c674038d036b081cfd
                           .group:00000000 wm4._ansi.h.23.2147fde150631f5584b9dc29b914d1b8
                           .group:00000000 wm4.stddef.h.39.2b75ea897b59bf67f50e970d678806e4
                           .group:00000000 wm4.lock.h.2.9bc98482741e5e2a9450b12934a684ea
                           .group:00000000 wm4._types.h.54.d3d34a3b7f3cc230cd159baf022b4b08
                           .group:00000000 wm4.stddef.h.158.61317cdbfb4026324507d123a50b0fd6
                           .group:00000000 wm4.reent.h.17.8bd9e4098e0428508c282cad794fae43
                           .group:00000000 wm4.math.h.35.13c5bec129ef04ad1bb0a1152b29c624
                           .group:00000000 wm4.message_pragmas.h.2.a703592919ab94db061a475289156c21
                           .group:00000000 wm4.std.h.37.c94f17957e155d4dda789b7ad0549a32
                           .group:00000000 wm4.airframe.h.5.1b65f22e2c90217dfc42bdae27fe483a
                           .group:00000000 wm4.krooz_sd.h.2.013366a614baabbe44cc2bbd3205e3d1
                           .group:00000000 wm4.actuators_pwm_arch.h.41.fa66469024778df593e0e3d83e4a3c37
                           .group:00000000 wm4.airframe.h.14.f46e30d413878b482f16a5abf2127a4b
                           .group:00000000 wm4.float.h.29.1cf88a0527b6b1225d49fbee2b32acb7
                           .group:00000000 wm4.cdefs.h.56.a2d04de9d47039852021e66fca39bb58
                           .group:00000000 wm4.string.h.15.dab3980bf35408a4c507182805e2de3a
                           .group:00000000 wm4.stddef.h.158.a7efb00f6cbc6f43213b50e183c9830c
                           .group:00000000 wm4.string.h.126.6ff3aa59129e7f66b2c273baf353e066
                           .group:00000000 wm4.pprz_algebra.h.47.d249264ea6bacf2198e290d461cf6dbe
                           .group:00000000 wm4.pprz_trig_int.h.28.b756be608c9d9f3092a41321446e5fa2
                           .group:00000000 wm4.stdlib.h.13.4ed386f5c1a80d71e72172885d946ef2
                           .group:00000000 wm4.alloca.h.8.dfc0c703c47ec3e69746825b17d9e66d
                           .group:00000000 wm4.stdlib.h.53.1a82a3cc35cb0a04319c41bcf41d2a02
                           .group:00000000 wm4.pprz_algebra_int.h.68.04ac162ae1e1d94f716d0bb402062624
                           .group:00000000 wm4.common.h.21.22efaac882611267214d0a36f6f15e74
                           .group:00000000 wm4.memorymap.h.21.0c01d18fc5814f65c6ceb1822d4030fa
                           .group:00000000 wm4.memorymap.h.28.85f6f5de65b1d4294c70f79052a0b8c0
                           .group:00000000 wm4.gpio_common_all.h.37.fedbbcb9179f773c905aa3c3e4b7dbdd
                           .group:00000000 wm4.gpio_common_f234.h.48.ee30692f386eaf6801df27cae93943b1
                           .group:00000000 wm4.gpio_common_f24.h.48.4e4be5e3ebe26aee10d604e2d0fecde8
                           .group:00000000 wm4.rcc.h.46.c4bbaa886b7ca1bd1829424ae12e70af
                           .group:00000000 wm4.led_hw.h.40.8014fb3594847a9d275099fc6ed94641
                           .group:00000000 wm4.led.h.99.0116146560b22524df8538874a4f60bf
                           .group:00000000 wm4.paparazzi.h.2.903792c4429b74b43ba66cc0d2531abd
                           .group:00000000 wm4.ppm_arch.h.30.0c8951ed5389d834f3146640146f52ff
                           .group:00000000 wm4.radio.h.5.656a6ddaf975d68fb12fc1808da140b2
                           .group:00000000 wm4.ppm.h.47.0149fce522ef0e315e524566a6409a2a
                           .group:00000000 wm4.radio_control.h.42.d43f9142844e08da852d6ed343ba2de3

UNDEFINED SYMBOLS
radio_control
stabilization_cmd
